<?xml version="1.0" encoding="UTF-8"?>
<!-- Generated by org.testng.reporters.JUnitXMLReporter -->
<testsuite ignored="0" hostname="DESKTOP-9HCHN6F" failures="0" tests="2" name="Chrome Test" time="21.176" errors="0" timestamp="2025-07-12T10:59:48 IST">
  <testcase classname="com.demo.seleniump.firstproject.login.verifyLoginWithExcel" name="loginTest" time="5.168"/>
  <testcase classname="com.demo.seleniump.firstproject.login.verifyLoginWithExcel" name="loginTest" time="5.168"/>
</testsuite> <!-- Chrome Test -->
