<?xml version="1.0" encoding="UTF-8"?>
<!-- Generated by org.testng.reporters.JUnitXMLReporter -->
<testsuite ignored="0" hostname="DESKTOP-9HCHN6F" failures="0" tests="2" name="Firefox Test" time="25.368" errors="0" timestamp="2025-07-12T10:59:52 IST">
  <testcase classname="com.demo.seleniump.firstproject.login.verifyLoginWithExcel" name="loginTest" time="5.122"/>
  <testcase classname="com.demo.seleniump.firstproject.login.verifyLoginWithExcel" name="loginTest" time="5.129"/>
</testsuite> <!-- Firefox Test -->
