<?xml version="1.0" encoding="UTF-8"?>
<testng-results ignored="0" total="6" passed="6" failed="0" skipped="0">
  <reporter-output>
  </reporter-output>
  <suite started-at="2025-07-12T11:06:57 IST" name="Cross-Browser Suite" finished-at="2025-07-12T11:07:25 IST" duration-ms="27543">
    <groups>
    </groups>
    <test started-at="2025-07-12T11:06:57 IST" name="Chrome Test" finished-at="2025-07-12T11:07:19 IST" duration-ms="21493">
      <class name="com.demo.seleniump.firstproject.login.verifyLoginWithExcel">
        <test-method is-config="true" signature="setUp(java.lang.String,java.lang.reflect.Method)[pri:0, instance:com.demo.seleniump.firstproject.login.verifyLoginWithExcel@6cf0e0ba]" started-at="2025-07-12T11:06:58 IST" name="setUp" finished-at="2025-07-12T11:07:03 IST" duration-ms="5158" status="PASS">
          <params>
            <param index="0">
              <value>
                <![CDATA[chrome]]>
              </value>
            </param>
            <param index="1">
              <value>
                <![CDATA[public void com.demo.seleniump.firstproject.login.verifyLoginWithExcel.loginTest(java.lang.String,java.lang.String) throws java.lang.InterruptedException]]>
              </value>
            </param>
          </params>
          <reporter-output>
          </reporter-output>
        </test-method> <!-- setUp -->
        <test-method signature="loginTest(java.lang.String,java.lang.String)[pri:0, instance:com.demo.seleniump.firstproject.login.verifyLoginWithExcel@6cf0e0ba]" started-at="2025-07-12T11:07:03 IST" name="loginTest" data-provider="loginData" finished-at="2025-07-12T11:07:08 IST" duration-ms="5345" status="PASS">
          <params>
            <param index="0">
              <value>
                <![CDATA[testuser1]]>
              </value>
            </param>
            <param index="1">
              <value>
                <![CDATA[pass123]]>
              </value>
            </param>
          </params>
          <reporter-output>
          </reporter-output>
        </test-method> <!-- loginTest -->
        <test-method is-config="true" signature="tearDown()[pri:0, instance:com.demo.seleniump.firstproject.login.verifyLoginWithExcel@6cf0e0ba]" started-at="2025-07-12T11:07:09 IST" name="tearDown" finished-at="2025-07-12T11:07:09 IST" duration-ms="758" status="PASS">
          <reporter-output>
          </reporter-output>
        </test-method> <!-- tearDown -->
        <test-method is-config="true" signature="setUp(java.lang.String,java.lang.reflect.Method)[pri:0, instance:com.demo.seleniump.firstproject.login.verifyLoginWithExcel@6cf0e0ba]" started-at="2025-07-12T11:07:09 IST" name="setUp" finished-at="2025-07-12T11:07:13 IST" duration-ms="3230" status="PASS">
          <params>
            <param index="0">
              <value>
                <![CDATA[chrome]]>
              </value>
            </param>
            <param index="1">
              <value>
                <![CDATA[public void com.demo.seleniump.firstproject.login.verifyLoginWithExcel.loginTest(java.lang.String,java.lang.String) throws java.lang.InterruptedException]]>
              </value>
            </param>
          </params>
          <reporter-output>
          </reporter-output>
        </test-method> <!-- setUp -->
        <test-method signature="loginTest(java.lang.String,java.lang.String)[pri:0, instance:com.demo.seleniump.firstproject.login.verifyLoginWithExcel@6cf0e0ba]" started-at="2025-07-12T11:07:13 IST" name="loginTest" data-provider="loginData" finished-at="2025-07-12T11:07:18 IST" duration-ms="5178" status="PASS">
          <params>
            <param index="0">
              <value>
                <![CDATA[testuser2]]>
              </value>
            </param>
            <param index="1">
              <value>
                <![CDATA[pass456]]>
              </value>
            </param>
          </params>
          <reporter-output>
          </reporter-output>
        </test-method> <!-- loginTest -->
        <test-method is-config="true" signature="tearDown()[pri:0, instance:com.demo.seleniump.firstproject.login.verifyLoginWithExcel@6cf0e0ba]" started-at="2025-07-12T11:07:18 IST" name="tearDown" finished-at="2025-07-12T11:07:19 IST" duration-ms="786" status="PASS">
          <reporter-output>
          </reporter-output>
        </test-method> <!-- tearDown -->
      </class> <!-- com.demo.seleniump.firstproject.login.verifyLoginWithExcel -->
      <class name="com.demo.seleniump.firstproject.login.verifyLogin">
        <test-method is-config="true" signature="setUp(java.lang.String,java.lang.reflect.Method)[pri:0, instance:com.demo.seleniump.firstproject.login.verifyLogin@1283bb96]" started-at="2025-07-12T11:06:57 IST" name="setUp" finished-at="2025-07-12T11:07:03 IST" duration-ms="5439" status="PASS">
          <params>
            <param index="0">
              <value>
                <![CDATA[chrome]]>
              </value>
            </param>
            <param index="1">
              <value>
                <![CDATA[public void com.demo.seleniump.firstproject.login.verifyLogin.verifyOpenBrowser()]]>
              </value>
            </param>
          </params>
          <reporter-output>
          </reporter-output>
        </test-method> <!-- setUp -->
        <test-method signature="verifyOpenBrowser()[pri:0, instance:com.demo.seleniump.firstproject.login.verifyLogin@1283bb96]" started-at="2025-07-12T11:07:03 IST" name="verifyOpenBrowser" finished-at="2025-07-12T11:07:10 IST" duration-ms="6823" status="PASS">
          <reporter-output>
          </reporter-output>
        </test-method> <!-- verifyOpenBrowser -->
        <test-method is-config="true" signature="tearDown()[pri:0, instance:com.demo.seleniump.firstproject.login.verifyLogin@1283bb96]" started-at="2025-07-12T11:07:10 IST" name="tearDown" finished-at="2025-07-12T11:07:10 IST" duration-ms="734" status="PASS">
          <reporter-output>
          </reporter-output>
        </test-method> <!-- tearDown -->
      </class> <!-- com.demo.seleniump.firstproject.login.verifyLogin -->
    </test> <!-- Chrome Test -->
    <test started-at="2025-07-12T11:06:57 IST" name="Firefox Test" finished-at="2025-07-12T11:07:25 IST" duration-ms="27543">
      <class name="com.demo.seleniump.firstproject.login.verifyLoginWithExcel">
        <test-method is-config="true" signature="startExtentReport()[pri:0, instance:com.demo.seleniump.firstproject.login.verifyLoginWithExcel@3754a4bf]" started-at="2025-07-12T11:06:57 IST" name="startExtentReport" finished-at="2025-07-12T11:06:57 IST" duration-ms="167" status="PASS">
          <reporter-output>
          </reporter-output>
        </test-method> <!-- startExtentReport -->
        <test-method is-config="true" signature="setUp(java.lang.String,java.lang.reflect.Method)[pri:0, instance:com.demo.seleniump.firstproject.login.verifyLoginWithExcel@3754a4bf]" started-at="2025-07-12T11:06:58 IST" name="setUp" finished-at="2025-07-12T11:07:07 IST" duration-ms="9139" status="PASS">
          <params>
            <param index="0">
              <value>
                <![CDATA[firefox]]>
              </value>
            </param>
            <param index="1">
              <value>
                <![CDATA[public void com.demo.seleniump.firstproject.login.verifyLoginWithExcel.loginTest(java.lang.String,java.lang.String) throws java.lang.InterruptedException]]>
              </value>
            </param>
          </params>
          <reporter-output>
          </reporter-output>
        </test-method> <!-- setUp -->
        <test-method signature="loginTest(java.lang.String,java.lang.String)[pri:0, instance:com.demo.seleniump.firstproject.login.verifyLoginWithExcel@3754a4bf]" started-at="2025-07-12T11:07:07 IST" name="loginTest" data-provider="loginData" finished-at="2025-07-12T11:07:12 IST" duration-ms="5183" status="PASS">
          <params>
            <param index="0">
              <value>
                <![CDATA[testuser1]]>
              </value>
            </param>
            <param index="1">
              <value>
                <![CDATA[pass123]]>
              </value>
            </param>
          </params>
          <reporter-output>
          </reporter-output>
        </test-method> <!-- loginTest -->
        <test-method is-config="true" signature="tearDown()[pri:0, instance:com.demo.seleniump.firstproject.login.verifyLoginWithExcel@3754a4bf]" started-at="2025-07-12T11:07:12 IST" name="tearDown" finished-at="2025-07-12T11:07:14 IST" duration-ms="1213" status="PASS">
          <reporter-output>
          </reporter-output>
        </test-method> <!-- tearDown -->
        <test-method is-config="true" signature="setUp(java.lang.String,java.lang.reflect.Method)[pri:0, instance:com.demo.seleniump.firstproject.login.verifyLoginWithExcel@3754a4bf]" started-at="2025-07-12T11:07:14 IST" name="setUp" finished-at="2025-07-12T11:07:19 IST" duration-ms="5256" status="PASS">
          <params>
            <param index="0">
              <value>
                <![CDATA[firefox]]>
              </value>
            </param>
            <param index="1">
              <value>
                <![CDATA[public void com.demo.seleniump.firstproject.login.verifyLoginWithExcel.loginTest(java.lang.String,java.lang.String) throws java.lang.InterruptedException]]>
              </value>
            </param>
          </params>
          <reporter-output>
          </reporter-output>
        </test-method> <!-- setUp -->
        <test-method signature="loginTest(java.lang.String,java.lang.String)[pri:0, instance:com.demo.seleniump.firstproject.login.verifyLoginWithExcel@3754a4bf]" started-at="2025-07-12T11:07:19 IST" name="loginTest" data-provider="loginData" finished-at="2025-07-12T11:07:24 IST" duration-ms="5124" status="PASS">
          <params>
            <param index="0">
              <value>
                <![CDATA[testuser2]]>
              </value>
            </param>
            <param index="1">
              <value>
                <![CDATA[pass456]]>
              </value>
            </param>
          </params>
          <reporter-output>
          </reporter-output>
        </test-method> <!-- loginTest -->
        <test-method is-config="true" signature="tearDown()[pri:0, instance:com.demo.seleniump.firstproject.login.verifyLoginWithExcel@3754a4bf]" started-at="2025-07-12T11:07:24 IST" name="tearDown" finished-at="2025-07-12T11:07:25 IST" duration-ms="726" status="PASS">
          <reporter-output>
          </reporter-output>
        </test-method> <!-- tearDown -->
        <test-method is-config="true" signature="flushExtentReport()[pri:0, instance:com.demo.seleniump.firstproject.login.verifyLoginWithExcel@3754a4bf]" started-at="2025-07-12T11:07:25 IST" name="flushExtentReport" finished-at="2025-07-12T11:07:25 IST" duration-ms="222" status="PASS">
          <reporter-output>
          </reporter-output>
        </test-method> <!-- flushExtentReport -->
      </class> <!-- com.demo.seleniump.firstproject.login.verifyLoginWithExcel -->
      <class name="com.demo.seleniump.firstproject.login.verifyLogin">
        <test-method is-config="true" signature="setUp(java.lang.String,java.lang.reflect.Method)[pri:0, instance:com.demo.seleniump.firstproject.login.verifyLogin@62379589]" started-at="2025-07-12T11:06:57 IST" name="setUp" finished-at="2025-07-12T11:07:08 IST" duration-ms="10753" status="PASS">
          <params>
            <param index="0">
              <value>
                <![CDATA[firefox]]>
              </value>
            </param>
            <param index="1">
              <value>
                <![CDATA[public void com.demo.seleniump.firstproject.login.verifyLogin.verifyOpenBrowser()]]>
              </value>
            </param>
          </params>
          <reporter-output>
          </reporter-output>
        </test-method> <!-- setUp -->
        <test-method signature="verifyOpenBrowser()[pri:0, instance:com.demo.seleniump.firstproject.login.verifyLogin@62379589]" started-at="2025-07-12T11:07:08 IST" name="verifyOpenBrowser" finished-at="2025-07-12T11:07:13 IST" duration-ms="4894" status="PASS">
          <reporter-output>
          </reporter-output>
        </test-method> <!-- verifyOpenBrowser -->
        <test-method is-config="true" signature="tearDown()[pri:0, instance:com.demo.seleniump.firstproject.login.verifyLogin@62379589]" started-at="2025-07-12T11:07:13 IST" name="tearDown" finished-at="2025-07-12T11:07:14 IST" duration-ms="1327" status="PASS">
          <reporter-output>
          </reporter-output>
        </test-method> <!-- tearDown -->
      </class> <!-- com.demo.seleniump.firstproject.login.verifyLogin -->
    </test> <!-- Firefox Test -->
  </suite> <!-- Cross-Browser Suite -->
</testng-results>
