<?xml version="1.0" encoding="UTF-8"?>
<testsuite xmlns:xsi="http://www.w3.org/2001/XMLSchema-instance" xsi:noNamespaceSchemaLocation="https://maven.apache.org/surefire/maven-surefire-plugin/xsd/surefire-test-report.xsd" version="3.0.2" name="TestSuite" time="28.399" tests="6" errors="0" skipped="0" failures="0">
  <properties>
[...]
</properties>
  <testcase name="loginTest[testuser1, pass123](1)" classname="com.demo.seleniump.firstproject.login.verifyLoginWithExcel" time="0.49">
    <system-out><![CDATA[2025-07-12 11:06:58.291 [TestNG-test-Firefox Test-2] INFO  com.demo.seleniump.firstproject.utils.Log - Selected Browser: firefox
2025-07-12 11:06:58.291 [TestNG-test-Chrome Test-2] INFO  com.demo.seleniump.firstproject.utils.Log - Selected Browser: chrome
2025-07-12 11:06:58.489 [TestNG-test-Chrome Test-1] INFO  com.demo.seleniump.firstproject.utils.Log - Selected Browser: chrome
2025-07-12 11:06:58.489 [TestNG-test-Firefox Test-1] INFO  com.demo.seleniump.firstproject.utils.Log - Selected Browser: firefox
2025-07-12 11:07:00.465 [TestNG-test-Chrome Test-2] INFO  com.demo.seleniump.firstproject.utils.Log - Browser launched
2025-07-12 11:07:00.485 [TestNG-test-Chrome Test-1] INFO  com.demo.seleniump.firstproject.utils.Log - Browser launched
2025-07-12 11:07:03.194 [TestNG-test-Chrome Test-2] INFO  com.demo.seleniump.firstproject.utils.Log - Navigated to application
2025-07-12 11:07:03.350 [TestNG-test-Chrome Test-2] INFO  com.demo.seleniump.firstproject.utils.Log - Application Title: Login
2025-07-12 11:07:03.630 [TestNG-test-Chrome Test-2] INFO  com.demo.seleniump.firstproject.utils.Log - Entered username: aruns
2025-07-12 11:07:03.645 [TestNG-test-Chrome Test-1] INFO  com.demo.seleniump.firstproject.utils.Log - Navigated to application
2025-07-12 11:07:03.650 [TestNG-test-Chrome Test-1] INFO  com.demo.seleniump.firstproject.utils.Log - Starting login test with: testuser1
2025-07-12 11:07:03.743 [TestNG-test-Chrome Test-2] INFO  com.demo.seleniump.firstproject.utils.Log - Entered password: Test@1234
2025-07-12 11:07:03.836 [TestNG-test-Chrome Test-2] ERROR com.demo.seleniump.firstproject.utils.Log - Entered Text: Login Now
2025-07-12 11:07:04.741 [TestNG-test-Firefox Test-1] INFO  com.demo.seleniump.firstproject.utils.Log - Browser launched
2025-07-12 11:07:05.886 [TestNG-test-Firefox Test-2] INFO  com.demo.seleniump.firstproject.utils.Log - Browser launched
2025-07-12 11:07:07.627 [TestNG-test-Firefox Test-1] INFO  com.demo.seleniump.firstproject.utils.Log - Navigated to application
2025-07-12 11:07:07.633 [TestNG-test-Firefox Test-1] INFO  com.demo.seleniump.firstproject.utils.Log - Starting login test with: testuser1
2025-07-12 11:07:08.508 [TestNG-test-Firefox Test-2] INFO  com.demo.seleniump.firstproject.utils.Log - Navigated to application
2025-07-12 11:07:08.528 [TestNG-test-Firefox Test-2] INFO  com.demo.seleniump.firstproject.utils.Log - Application Title: Login
2025-07-12 11:07:08.645 [TestNG-test-Firefox Test-2] INFO  com.demo.seleniump.firstproject.utils.Log - Entered username: aruns
2025-07-12 11:07:08.669 [TestNG-test-Firefox Test-2] INFO  com.demo.seleniump.firstproject.utils.Log - Entered password: Test@1234
2025-07-12 11:07:08.693 [TestNG-test-Firefox Test-2] ERROR com.demo.seleniump.firstproject.utils.Log - Entered Text: Login Now
]]></system-out>
    <system-err><![CDATA[SLF4J(W): No SLF4J providers were found.
SLF4J(W): Defaulting to no-operation (NOP) logger implementation
SLF4J(W): See https://www.slf4j.org/codes.html#noProviders for further details.
2025-07-12T05:36:58.277056500Z TestNG-test-Firefox Test-2 INFO Starting configuration XmlConfiguration[location=C:\SeleniumP\target\classes\log4j2.xml, lastModified=2025-07-11T00:58:49.414Z]...
2025-07-12T05:36:58.279057300Z TestNG-test-Firefox Test-2 INFO Start watching for changes to [C:\SeleniumP\target\classes\log4j2.xml] every 30 seconds
2025-07-12T05:36:58.285454800Z TestNG-test-Firefox Test-2 INFO Configuration XmlConfiguration[location=C:\SeleniumP\target\classes\log4j2.xml, lastModified=2025-07-11T00:58:49.414Z] started.
2025-07-12T05:36:58.287455Z TestNG-test-Firefox Test-2 INFO Stopping configuration org.apache.logging.log4j.core.config.DefaultConfiguration@6fe704ab...
2025-07-12T05:36:58.287455Z TestNG-test-Firefox Test-2 INFO Configuration org.apache.logging.log4j.core.config.DefaultConfiguration@6fe704ab stopped.
Jul 12, 2025 11:07:00 AM org.openqa.selenium.devtools.CdpVersionFinder findNearestMatch
WARNING: Unable to find an exact match for CDP version 138, returning the closest version; found: 137; Please update to a Selenium version that supports CDP version 138
Jul 12, 2025 11:07:00 AM org.openqa.selenium.devtools.CdpVersionFinder findNearestMatch
WARNING: Unable to find an exact match for CDP version 138, returning the closest version; found: 137; Please update to a Selenium version that supports CDP version 138
]]></system-err>
  </testcase>
  <testcase name="loginTest[testuser1, pass123](1)" classname="com.demo.seleniump.firstproject.login.verifyLoginWithExcel" time="4.303">
    <system-out><![CDATA[Screenshot saved: C:\SeleniumP/screenshots/verifyOpenBrowser_PASS__20250712_110710.png
2025-07-12 11:07:10.900 [TestNG-test-Chrome Test-2] INFO  com.demo.seleniump.firstproject.utils.Log - Browser closed
2025-07-12 11:07:11.429 [TestNG-test-Chrome Test-1] INFO  com.demo.seleniump.firstproject.utils.Log - Browser launched
]]></system-out>
    <system-err><![CDATA[Jul 12, 2025 11:07:11 AM org.openqa.selenium.devtools.CdpVersionFinder findNearestMatch
WARNING: Unable to find an exact match for CDP version 138, returning the closest version; found: 137; Please update to a Selenium version that supports CDP version 138
]]></system-err>
  </testcase>
  <testcase name="loginTest[testuser2, pass456](2)" classname="com.demo.seleniump.firstproject.login.verifyLoginWithExcel" time="5.177">
    <system-out><![CDATA[Screenshot saved: C:\SeleniumP/screenshots/verifyOpenBrowser_PASS__20250712_110713.png
2025-07-12 11:07:14.118 [TestNG-test-Firefox Test-1] INFO  com.demo.seleniump.firstproject.utils.Log - Browser closed
2025-07-12 11:07:14.118 [TestNG-test-Firefox Test-1] INFO  com.demo.seleniump.firstproject.utils.Log - Selected Browser: firefox
2025-07-12 11:07:14.896 [TestNG-test-Firefox Test-2] INFO  com.demo.seleniump.firstproject.utils.Log - Browser closed
2025-07-12 11:07:16.867 [TestNG-test-Firefox Test-1] INFO  com.demo.seleniump.firstproject.utils.Log - Browser launched
]]></system-out>
  </testcase>
  <testcase name="loginTest[testuser2, pass456](2)" classname="com.demo.seleniump.firstproject.login.verifyLoginWithExcel" time="5.123">
    <system-out><![CDATA[Screenshot saved: C:\SeleniumP/screenshots/loginTest_PASS__20250712_110718.png
2025-07-12 11:07:19.202 [TestNG-test-Chrome Test-1] INFO  com.demo.seleniump.firstproject.utils.Log - Browser closed
2025-07-12 11:07:19.372 [TestNG-test-Firefox Test-1] INFO  com.demo.seleniump.firstproject.utils.Log - Navigated to application
2025-07-12 11:07:19.374 [TestNG-test-Firefox Test-1] INFO  com.demo.seleniump.firstproject.utils.Log - Starting login test with: testuser2
]]></system-out>
  </testcase>
  <testcase name="verifyOpenBrowser" classname="com.demo.seleniump.firstproject.login.verifyLogin" time="1.513">
    <system-out><![CDATA[Screenshot saved: C:\SeleniumP/screenshots/loginTest_PASS__20250712_110709.png
2025-07-12 11:07:09.923 [TestNG-test-Chrome Test-1] INFO  com.demo.seleniump.firstproject.utils.Log - Browser closed
2025-07-12 11:07:09.925 [TestNG-test-Chrome Test-1] INFO  com.demo.seleniump.firstproject.utils.Log - Selected Browser: chrome
My Title =Dashboard - Paysecure
]]></system-out>
  </testcase>
  <testcase name="verifyOpenBrowser" classname="com.demo.seleniump.firstproject.login.verifyLogin" time="0.249">
    <system-out><![CDATA[Screenshot saved: C:\SeleniumP/screenshots/loginTest_PASS__20250712_110712.png
2025-07-12 11:07:13.151 [TestNG-test-Chrome Test-1] INFO  com.demo.seleniump.firstproject.utils.Log - Navigated to application
2025-07-12 11:07:13.156 [TestNG-test-Chrome Test-1] INFO  com.demo.seleniump.firstproject.utils.Log - Starting login test with: testuser2
My Title =Dashboard - Paysecure
]]></system-out>
  </testcase>
</testsuite>