<?xml version="1.0" encoding="UTF-8"?>
<testng-results ignored="0" total="1" passed="1" failed="0" skipped="0">
  <reporter-output>
  </reporter-output>
  <suite started-at="2025-07-12T11:37:07 IST" name="Default suite" finished-at="2025-07-12T11:37:20 IST" duration-ms="12637">
    <groups>
    </groups>
    <test started-at="2025-07-12T11:37:07 IST" name="Default test" finished-at="2025-07-12T11:37:20 IST" duration-ms="12637">
      <class name="com.demo.seleniump.firstproject.login.homepage.WeeklyStatusTest">
        <test-method is-config="true" signature="startExtentReport()[pri:0, instance:com.demo.seleniump.firstproject.login.homepage.WeeklyStatusTest@367ffa75]" started-at="2025-07-12T11:37:07 IST" name="startExtentReport" finished-at="2025-07-12T11:37:07 IST" duration-ms="242" status="PASS">
          <reporter-output>
          </reporter-output>
        </test-method> <!-- startExtentReport -->
        <test-method is-config="true" signature="setUp(java.lang.String,java.lang.reflect.Method)[pri:0, instance:com.demo.seleniump.firstproject.login.homepage.WeeklyStatusTest@367ffa75]" started-at="2025-07-12T11:37:07 IST" name="setUp" finished-at="2025-07-12T11:37:13 IST" duration-ms="5536" status="PASS">
          <params>
            <param index="0">
              <value>
                <![CDATA[chrome]]>
              </value>
            </param>
            <param index="1">
              <value>
                <![CDATA[public void com.demo.seleniump.firstproject.login.homepage.WeeklyStatusTest.testPrintWeeklyStatusTable()]]>
              </value>
            </param>
          </params>
          <reporter-output>
          </reporter-output>
        </test-method> <!-- setUp -->
        <test-method signature="testPrintWeeklyStatusTable()[pri:0, instance:com.demo.seleniump.firstproject.login.homepage.WeeklyStatusTest@367ffa75]" started-at="2025-07-12T11:37:13 IST" name="testPrintWeeklyStatusTable" finished-at="2025-07-12T11:37:19 IST" duration-ms="6110" status="PASS">
          <reporter-output>
          </reporter-output>
        </test-method> <!-- testPrintWeeklyStatusTable -->
        <test-method is-config="true" signature="tearDown()[pri:0, instance:com.demo.seleniump.firstproject.login.homepage.WeeklyStatusTest@367ffa75]" started-at="2025-07-12T11:37:19 IST" name="tearDown" finished-at="2025-07-12T11:37:20 IST" duration-ms="807" status="PASS">
          <reporter-output>
          </reporter-output>
        </test-method> <!-- tearDown -->
        <test-method is-config="true" signature="flushExtentReport()[pri:0, instance:com.demo.seleniump.firstproject.login.homepage.WeeklyStatusTest@367ffa75]" started-at="2025-07-12T11:37:20 IST" name="flushExtentReport" finished-at="2025-07-12T11:37:20 IST" duration-ms="465" status="PASS">
          <reporter-output>
          </reporter-output>
        </test-method> <!-- flushExtentReport -->
      </class> <!-- com.demo.seleniump.firstproject.login.homepage.WeeklyStatusTest -->
    </test> <!-- Default test -->
  </suite> <!-- Default suite -->
</testng-results>
