<?xml version="1.0" encoding="UTF-8"?>
<!-- Generated by org.testng.reporters.JUnitXMLReporter -->
<testsuite ignored="2" hostname="DESKTOP-9HCHN6F" failures="0" tests="3" name="Chrome Test" time="21.493" errors="0" timestamp="2025-07-12T11:07:19 IST">
  <testcase classname="com.demo.seleniump.firstproject.login.verifyLoginWithExcel" name="loginTest" time="5.345"/>
  <testcase classname="com.demo.seleniump.firstproject.login.verifyLogin" name="verifyOpenBrowser" time="6.823"/>
  <testcase classname="com.demo.seleniump.firstproject.login.verifyLoginWithExcel" name="loginTest" time="5.178"/>
  <testcase classname="com.demo.seleniump.base.BaseTest" name="@AfterSuite flushExtentReport" time="0.0">
    <ignored/>
  </testcase> <!-- @AfterSuite flushExtentReport -->
  <testcase classname="com.demo.seleniump.base.BaseTest" name="@BeforeSuite startExtentReport" time="0.0">
    <ignored/>
  </testcase> <!-- @BeforeSuite startExtentReport -->
</testsuite> <!-- Chrome Test -->
