<?xml version="1.0" encoding="UTF-8"?>
<!-- Generated by org.testng.reporters.JUnitXMLReporter -->
<testsuite ignored="2" hostname="DESKTOP-9HCHN6F" failures="0" tests="3" name="Firefox Test" time="27.543" errors="0" timestamp="2025-07-12T11:07:25 IST">
  <testcase classname="com.demo.seleniump.firstproject.login.verifyLoginWithExcel" name="loginTest" time="5.183"/>
  <testcase classname="com.demo.seleniump.firstproject.login.verifyLogin" name="verifyOpenBrowser" time="4.894"/>
  <testcase classname="com.demo.seleniump.firstproject.login.verifyLoginWithExcel" name="loginTest" time="5.124"/>
  <testcase classname="com.demo.seleniump.base.BaseTest" name="@BeforeSuite startExtentReport" time="0.0">
    <ignored/>
  </testcase> <!-- @BeforeSuite startExtentReport -->
  <testcase classname="com.demo.seleniump.base.BaseTest" name="@AfterSuite flushExtentReport" time="0.0">
    <ignored/>
  </testcase> <!-- @AfterSuite flushExtentReport -->
</testsuite> <!-- Firefox Test -->
